[0.027s] Invoking command in '/home/go1/Desktop/workspace/unitree_go1/build/champ_description': CMAKE_PREFIX_PATH=${CMAKE_PREFIX_PATH}:/opt/ros/humble /usr/bin/cmake /home/go1/Desktop/workspace/unitree_go1/unitree-go2-ros2/champ/champ_description -DCMAKE_INSTALL_PREFIX=/home/go1/Desktop/workspace/unitree_go1/install/champ_description
[0.083s] -- The C compiler identification is GNU 11.4.0
[0.148s] -- The CXX compiler identification is GNU 11.4.0
[0.154s] -- Detecting C compiler ABI info
[0.228s] -- Detecting C compiler ABI info - done
[0.239s] -- Check for working C compiler: /usr/bin/cc - skipped
[0.240s] -- Detecting C compile features
[0.240s] -- Detecting C compile features - done
[0.244s] -- Detecting CXX compiler ABI info
[0.327s] -- Detecting CXX compiler ABI info - done
[0.334s] -- Check for working CXX compiler: /usr/bin/c++ - skipped
[0.334s] -- Detecting CXX compile features
[0.334s] -- Detecting CXX compile features - done
[0.338s] -- Found ament_cmake: 1.3.10 (/opt/ros/humble/share/ament_cmake/cmake)
[0.482s] -- Found Python3: /usr/bin/python3 (found version "3.10.12") found components: Interpreter 
[0.597s] -- Found ament_lint_auto: 0.12.11 (/opt/ros/humble/share/ament_lint_auto/cmake)
[0.670s] -- Configuring done
[0.674s] -- Generating done
[0.675s] -- Build files have been written to: /home/go1/Desktop/workspace/unitree_go1/build/champ_description
[0.681s] Invoked command in '/home/go1/Desktop/workspace/unitree_go1/build/champ_description' returned '0': CMAKE_PREFIX_PATH=${CMAKE_PREFIX_PATH}:/opt/ros/humble /usr/bin/cmake /home/go1/Desktop/workspace/unitree_go1/unitree-go2-ros2/champ/champ_description -DCMAKE_INSTALL_PREFIX=/home/go1/Desktop/workspace/unitree_go1/install/champ_description
[0.682s] Invoking command in '/home/go1/Desktop/workspace/unitree_go1/build/champ_description': CMAKE_PREFIX_PATH=${CMAKE_PREFIX_PATH}:/opt/ros/humble /usr/bin/cmake --build /home/go1/Desktop/workspace/unitree_go1/build/champ_description -- -j16 -l16
[0.722s] Invoked command in '/home/go1/Desktop/workspace/unitree_go1/build/champ_description' returned '0': CMAKE_PREFIX_PATH=${CMAKE_PREFIX_PATH}:/opt/ros/humble /usr/bin/cmake --build /home/go1/Desktop/workspace/unitree_go1/build/champ_description -- -j16 -l16
[0.757s] Invoking command in '/home/go1/Desktop/workspace/unitree_go1/build/champ_description': CMAKE_PREFIX_PATH=${CMAKE_PREFIX_PATH}:/opt/ros/humble /usr/bin/cmake --install /home/go1/Desktop/workspace/unitree_go1/build/champ_description
[0.765s] -- Install configuration: ""
[0.765s] -- Installing: /home/go1/Desktop/workspace/unitree_go1/install/champ_description/share/champ_description/launch
[0.765s] -- Installing: /home/go1/Desktop/workspace/unitree_go1/install/champ_description/share/champ_description/launch/description.launch.py
[0.765s] -- Installing: /home/go1/Desktop/workspace/unitree_go1/install/champ_description/share/champ_description/launch/description.launch
[0.765s] -- Installing: /home/go1/Desktop/workspace/unitree_go1/install/champ_description/share/champ_description/launch/view_urdf.launch
[0.765s] -- Installing: /home/go1/Desktop/workspace/unitree_go1/install/champ_description/share/champ_description/rviz
[0.765s] -- Installing: /home/go1/Desktop/workspace/unitree_go1/install/champ_description/share/champ_description/rviz/urdf_viewer.rviz
[0.766s] -- Installing: /home/go1/Desktop/workspace/unitree_go1/install/champ_description/share/champ_description/meshes
[0.766s] -- Installing: /home/go1/Desktop/workspace/unitree_go1/install/champ_description/share/champ_description/meshes/base.stl
[0.766s] -- Installing: /home/go1/Desktop/workspace/unitree_go1/install/champ_description/share/champ_description/meshes/base_simple.stl
[0.767s] -- Installing: /home/go1/Desktop/workspace/unitree_go1/install/champ_description/share/champ_description/meshes/arm
[0.767s] -- Installing: /home/go1/Desktop/workspace/unitree_go1/install/champ_description/share/champ_description/meshes/arm/base.stl
[0.767s] -- Installing: /home/go1/Desktop/workspace/unitree_go1/install/champ_description/share/champ_description/meshes/arm/wrist2.stl
[0.767s] -- Installing: /home/go1/Desktop/workspace/unitree_go1/install/champ_description/share/champ_description/meshes/arm/wrist1.stl
[0.768s] -- Installing: /home/go1/Desktop/workspace/unitree_go1/install/champ_description/share/champ_description/meshes/arm/lower_arm.stl
[0.768s] -- Installing: /home/go1/Desktop/workspace/unitree_go1/install/champ_description/share/champ_description/meshes/arm/upper_arm.stl
[0.768s] -- Installing: /home/go1/Desktop/workspace/unitree_go1/install/champ_description/share/champ_description/meshes/hip.stl
[0.769s] -- Installing: /home/go1/Desktop/workspace/unitree_go1/install/champ_description/share/champ_description/meshes/lower_leg.stl
[0.769s] -- Installing: /home/go1/Desktop/workspace/unitree_go1/install/champ_description/share/champ_description/meshes/upper_leg.stl
[0.769s] -- Installing: /home/go1/Desktop/workspace/unitree_go1/install/champ_description/share/champ_description/meshes/upper_leg_simple.stl
[0.769s] -- Installing: /home/go1/Desktop/workspace/unitree_go1/install/champ_description/share/champ_description/meshes/hokuyo_utm_30lx.dae
[0.769s] -- Installing: /home/go1/Desktop/workspace/unitree_go1/install/champ_description/share/champ_description/meshes/lower_leg_simple.stl
[0.769s] -- Installing: /home/go1/Desktop/workspace/unitree_go1/install/champ_description/share/champ_description/meshes/asus_camera_simple.dae
[0.770s] -- Installing: /home/go1/Desktop/workspace/unitree_go1/install/champ_description/share/champ_description/urdf
[0.770s] -- Installing: /home/go1/Desktop/workspace/unitree_go1/install/champ_description/share/champ_description/urdf/asus_camera.urdf.xacro
[0.770s] -- Installing: /home/go1/Desktop/workspace/unitree_go1/install/champ_description/share/champ_description/urdf/champ_arm.urdf
[0.770s] -- Installing: /home/go1/Desktop/workspace/unitree_go1/install/champ_description/share/champ_description/urdf/champ_velodyne.urdf
[0.770s] -- Installing: /home/go1/Desktop/workspace/unitree_go1/install/champ_description/share/champ_description/urdf/gen_urdf
[0.770s] -- Installing: /home/go1/Desktop/workspace/unitree_go1/install/champ_description/share/champ_description/urdf/leg.urdf.xacro
[0.771s] -- Installing: /home/go1/Desktop/workspace/unitree_go1/install/champ_description/share/champ_description/urdf/accessories.urdf.xacro
[0.771s] -- Installing: /home/go1/Desktop/workspace/unitree_go1/install/champ_description/share/champ_description/urdf/champ.urdf
[0.771s] -- Installing: /home/go1/Desktop/workspace/unitree_go1/install/champ_description/share/champ_description/urdf/properties.urdf.xacro
[0.771s] -- Installing: /home/go1/Desktop/workspace/unitree_go1/install/champ_description/share/champ_description/urdf/champ.urdf.xacro
[0.771s] -- Installing: /home/go1/Desktop/workspace/unitree_go1/install/champ_description/share/champ_description/urdf/hokuyo_utm30lx.urdf.xacro
[0.772s] -- Installing: /home/go1/Desktop/workspace/unitree_go1/install/champ_description/share/ament_index/resource_index/package_run_dependencies/champ_description
[0.772s] -- Installing: /home/go1/Desktop/workspace/unitree_go1/install/champ_description/share/ament_index/resource_index/parent_prefix_path/champ_description
[0.772s] -- Installing: /home/go1/Desktop/workspace/unitree_go1/install/champ_description/share/champ_description/environment/ament_prefix_path.sh
[0.773s] -- Installing: /home/go1/Desktop/workspace/unitree_go1/install/champ_description/share/champ_description/environment/ament_prefix_path.dsv
[0.774s] -- Installing: /home/go1/Desktop/workspace/unitree_go1/install/champ_description/share/champ_description/environment/path.sh
[0.774s] -- Installing: /home/go1/Desktop/workspace/unitree_go1/install/champ_description/share/champ_description/environment/path.dsv
[0.774s] -- Installing: /home/go1/Desktop/workspace/unitree_go1/install/champ_description/share/champ_description/local_setup.bash
[0.774s] -- Installing: /home/go1/Desktop/workspace/unitree_go1/install/champ_description/share/champ_description/local_setup.sh
[0.774s] -- Installing: /home/go1/Desktop/workspace/unitree_go1/install/champ_description/share/champ_description/local_setup.zsh
[0.775s] -- Installing: /home/go1/Desktop/workspace/unitree_go1/install/champ_description/share/champ_description/local_setup.dsv
[0.775s] -- Installing: /home/go1/Desktop/workspace/unitree_go1/install/champ_description/share/champ_description/package.dsv
[0.775s] -- Installing: /home/go1/Desktop/workspace/unitree_go1/install/champ_description/share/ament_index/resource_index/packages/champ_description
[0.775s] -- Installing: /home/go1/Desktop/workspace/unitree_go1/install/champ_description/share/champ_description/cmake/champ_descriptionConfig.cmake
[0.775s] -- Installing: /home/go1/Desktop/workspace/unitree_go1/install/champ_description/share/champ_description/cmake/champ_descriptionConfig-version.cmake
[0.775s] -- Installing: /home/go1/Desktop/workspace/unitree_go1/install/champ_description/share/champ_description/package.xml
[0.789s] Invoked command in '/home/go1/Desktop/workspace/unitree_go1/build/champ_description' returned '0': CMAKE_PREFIX_PATH=${CMAKE_PREFIX_PATH}:/opt/ros/humble /usr/bin/cmake --install /home/go1/Desktop/workspace/unitree_go1/build/champ_description
