[0.026s] Invoking command in '/home/go1/Desktop/workspace/unitree_go1/build/champ_config': CMAKE_PREFIX_PATH=${CMAKE_PREFIX_PATH}:/opt/ros/humble /usr/bin/cmake /home/go1/Desktop/workspace/unitree_go1/unitree-go2-ros2/champ/champ_config -DCMAKE_INSTALL_PREFIX=/home/go1/Desktop/workspace/unitree_go1/install/champ_config
[0.085s] -- The C compiler identification is GNU 11.4.0
[0.147s] -- The CXX compiler identification is GNU 11.4.0
[0.153s] -- Detecting C compiler ABI info
[0.224s] -- Detecting C compiler ABI info - done
[0.236s] -- Check for working C compiler: /usr/bin/cc - skipped
[0.236s] -- Detecting C compile features
[0.237s] -- Detecting C compile features - done
[0.240s] -- Detecting CXX compiler ABI info
[0.323s] -- Detecting CXX compiler ABI info - done
[0.333s] -- Check for working CXX compiler: /usr/bin/c++ - skipped
[0.334s] -- Detecting CXX compile features
[0.334s] -- Detecting CXX compile features - done
[0.339s] -- Found ament_cmake: 1.3.10 (/opt/ros/humble/share/ament_cmake/cmake)
[0.489s] -- Found Python3: /usr/bin/python3 (found version "3.10.12") found components: Interpreter 
[0.648s] -- Configuring done
[0.649s] -- Generating done
[0.650s] -- Build files have been written to: /home/go1/Desktop/workspace/unitree_go1/build/champ_config
[0.654s] Invoked command in '/home/go1/Desktop/workspace/unitree_go1/build/champ_config' returned '0': CMAKE_PREFIX_PATH=${CMAKE_PREFIX_PATH}:/opt/ros/humble /usr/bin/cmake /home/go1/Desktop/workspace/unitree_go1/unitree-go2-ros2/champ/champ_config -DCMAKE_INSTALL_PREFIX=/home/go1/Desktop/workspace/unitree_go1/install/champ_config
[0.656s] Invoking command in '/home/go1/Desktop/workspace/unitree_go1/build/champ_config': CMAKE_PREFIX_PATH=${CMAKE_PREFIX_PATH}:/opt/ros/humble /usr/bin/cmake --build /home/go1/Desktop/workspace/unitree_go1/build/champ_config -- -j16 -l16
[0.693s] Invoked command in '/home/go1/Desktop/workspace/unitree_go1/build/champ_config' returned '0': CMAKE_PREFIX_PATH=${CMAKE_PREFIX_PATH}:/opt/ros/humble /usr/bin/cmake --build /home/go1/Desktop/workspace/unitree_go1/build/champ_config -- -j16 -l16
[0.718s] Invoking command in '/home/go1/Desktop/workspace/unitree_go1/build/champ_config': CMAKE_PREFIX_PATH=${CMAKE_PREFIX_PATH}:/opt/ros/humble /usr/bin/cmake --install /home/go1/Desktop/workspace/unitree_go1/build/champ_config
[0.727s] -- Install configuration: ""
[0.727s] -- Installing: /home/go1/Desktop/workspace/unitree_go1/install/champ_config/share/champ_config/launch
[0.727s] -- Installing: /home/go1/Desktop/workspace/unitree_go1/install/champ_config/share/champ_config/launch/slam.launch.py
[0.730s] -- Installing: /home/go1/Desktop/workspace/unitree_go1/install/champ_config/share/champ_config/launch/gazebo.launch.py
[0.731s] -- Installing: /home/go1/Desktop/workspace/unitree_go1/install/champ_config/share/champ_config/launch/navigate.launch.py
[0.731s] -- Installing: /home/go1/Desktop/workspace/unitree_go1/install/champ_config/share/champ_config/launch/bringup.launch.py
[0.731s] -- Installing: /home/go1/Desktop/workspace/unitree_go1/install/champ_config/share/champ_config/config
[0.731s] -- Installing: /home/go1/Desktop/workspace/unitree_go1/install/champ_config/share/champ_config/config/links
[0.731s] -- Installing: /home/go1/Desktop/workspace/unitree_go1/install/champ_config/share/champ_config/config/links/links.yaml
[0.731s] -- Installing: /home/go1/Desktop/workspace/unitree_go1/install/champ_config/share/champ_config/config/autonomy
[0.731s] -- Installing: /home/go1/Desktop/workspace/unitree_go1/install/champ_config/share/champ_config/config/autonomy/slam.yaml
[0.731s] -- Installing: /home/go1/Desktop/workspace/unitree_go1/install/champ_config/share/champ_config/config/autonomy/navigation.yaml
[0.732s] -- Installing: /home/go1/Desktop/workspace/unitree_go1/install/champ_config/share/champ_config/config/joints
[0.732s] -- Installing: /home/go1/Desktop/workspace/unitree_go1/install/champ_config/share/champ_config/config/joints/joints.yaml
[0.732s] -- Installing: /home/go1/Desktop/workspace/unitree_go1/install/champ_config/share/champ_config/config/gait
[0.732s] -- Installing: /home/go1/Desktop/workspace/unitree_go1/install/champ_config/share/champ_config/config/gait/gait.yaml
[0.732s] -- Installing: /home/go1/Desktop/workspace/unitree_go1/install/champ_config/share/champ_config/maps
[0.732s] -- Installing: /home/go1/Desktop/workspace/unitree_go1/install/champ_config/share/champ_config/maps/map.yaml
[0.732s] -- Installing: /home/go1/Desktop/workspace/unitree_go1/install/champ_config/share/champ_config/maps/playground.pgm
[0.732s] -- Installing: /home/go1/Desktop/workspace/unitree_go1/install/champ_config/share/champ_config/maps/playground.yaml
[0.732s] -- Installing: /home/go1/Desktop/workspace/unitree_go1/install/champ_config/share/champ_config/maps/map.pgm
[0.734s] -- Installing: /home/go1/Desktop/workspace/unitree_go1/install/champ_config/share/champ_config/worlds
[0.734s] -- Installing: /home/go1/Desktop/workspace/unitree_go1/install/champ_config/share/champ_config/worlds/default.world
[0.734s] -- Installing: /home/go1/Desktop/workspace/unitree_go1/install/champ_config/share/champ_config/worlds/outdoor.world
[0.734s] -- Installing: /home/go1/Desktop/workspace/unitree_go1/install/champ_config/share/champ_config/worlds/playground.world
[0.735s] -- Installing: /home/go1/Desktop/workspace/unitree_go1/install/champ_config/share/ament_index/resource_index/package_run_dependencies/champ_config
[0.735s] -- Installing: /home/go1/Desktop/workspace/unitree_go1/install/champ_config/share/ament_index/resource_index/parent_prefix_path/champ_config
[0.736s] -- Installing: /home/go1/Desktop/workspace/unitree_go1/install/champ_config/share/champ_config/environment/ament_prefix_path.sh
[0.736s] -- Installing: /home/go1/Desktop/workspace/unitree_go1/install/champ_config/share/champ_config/environment/ament_prefix_path.dsv
[0.736s] -- Installing: /home/go1/Desktop/workspace/unitree_go1/install/champ_config/share/champ_config/environment/path.sh
[0.736s] -- Installing: /home/go1/Desktop/workspace/unitree_go1/install/champ_config/share/champ_config/environment/path.dsv
[0.736s] -- Installing: /home/go1/Desktop/workspace/unitree_go1/install/champ_config/share/champ_config/local_setup.bash
[0.736s] -- Installing: /home/go1/Desktop/workspace/unitree_go1/install/champ_config/share/champ_config/local_setup.sh
[0.736s] -- Installing: /home/go1/Desktop/workspace/unitree_go1/install/champ_config/share/champ_config/local_setup.zsh
[0.736s] -- Installing: /home/go1/Desktop/workspace/unitree_go1/install/champ_config/share/champ_config/local_setup.dsv
[0.736s] -- Installing: /home/go1/Desktop/workspace/unitree_go1/install/champ_config/share/champ_config/package.dsv
[0.736s] -- Installing: /home/go1/Desktop/workspace/unitree_go1/install/champ_config/share/ament_index/resource_index/packages/champ_config
[0.736s] -- Installing: /home/go1/Desktop/workspace/unitree_go1/install/champ_config/share/champ_config/cmake/champ_configConfig.cmake
[0.736s] -- Installing: /home/go1/Desktop/workspace/unitree_go1/install/champ_config/share/champ_config/cmake/champ_configConfig-version.cmake
[0.737s] -- Installing: /home/go1/Desktop/workspace/unitree_go1/install/champ_config/share/champ_config/package.xml
[0.755s] Invoked command in '/home/go1/Desktop/workspace/unitree_go1/build/champ_config' returned '0': CMAKE_PREFIX_PATH=${CMAKE_PREFIX_PATH}:/opt/ros/humble /usr/bin/cmake --install /home/go1/Desktop/workspace/unitree_go1/build/champ_config
