[0.023s] Invoking command in '/home/go1/Desktop/workspace/unitree_go1/build/go2_description': CMAKE_PREFIX_PATH=${CMAKE_PREFIX_PATH}:/opt/ros/humble /usr/bin/cmake /home/go1/Desktop/workspace/unitree_go1/unitree-go2-ros2/robots/descriptions/go2_description -DCMAKE_INSTALL_PREFIX=/home/go1/Desktop/workspace/unitree_go1/install/go2_description
[0.082s] -- The C compiler identification is GNU 11.4.0
[0.145s] -- The CXX compiler identification is GNU 11.4.0
[0.152s] -- Detecting C compiler ABI info
[0.225s] -- Detecting C compiler ABI info - done
[0.231s] -- Check for working C compiler: /usr/bin/cc - skipped
[0.231s] -- Detecting C compile features
[0.231s] -- Detecting C compile features - done
[0.234s] -- Detecting CXX compiler ABI info
[0.317s] -- Detecting CXX compiler ABI info - done
[0.322s] -- Check for working CXX compiler: /usr/bin/c++ - skipped
[0.323s] -- Detecting CXX compile features
[0.323s] -- Detecting CXX compile features - done
[0.327s] -- Found ament_cmake: 1.3.10 (/opt/ros/humble/share/ament_cmake/cmake)
[0.470s] -- Found Python3: /usr/bin/python3 (found version "3.10.12") found components: Interpreter 
[0.573s] -- Found ament_lint_auto: 0.12.11 (/opt/ros/humble/share/ament_lint_auto/cmake)
[0.635s] -- Configuring done
[0.640s] -- Generating done
[0.641s] -- Build files have been written to: /home/go1/Desktop/workspace/unitree_go1/build/go2_description
[0.646s] Invoked command in '/home/go1/Desktop/workspace/unitree_go1/build/go2_description' returned '0': CMAKE_PREFIX_PATH=${CMAKE_PREFIX_PATH}:/opt/ros/humble /usr/bin/cmake /home/go1/Desktop/workspace/unitree_go1/unitree-go2-ros2/robots/descriptions/go2_description -DCMAKE_INSTALL_PREFIX=/home/go1/Desktop/workspace/unitree_go1/install/go2_description
[0.648s] Invoking command in '/home/go1/Desktop/workspace/unitree_go1/build/go2_description': CMAKE_PREFIX_PATH=${CMAKE_PREFIX_PATH}:/opt/ros/humble /usr/bin/cmake --build /home/go1/Desktop/workspace/unitree_go1/build/go2_description -- -j16 -l16
[0.685s] Invoked command in '/home/go1/Desktop/workspace/unitree_go1/build/go2_description' returned '0': CMAKE_PREFIX_PATH=${CMAKE_PREFIX_PATH}:/opt/ros/humble /usr/bin/cmake --build /home/go1/Desktop/workspace/unitree_go1/build/go2_description -- -j16 -l16
[0.710s] Invoking command in '/home/go1/Desktop/workspace/unitree_go1/build/go2_description': CMAKE_PREFIX_PATH=${CMAKE_PREFIX_PATH}:/opt/ros/humble /usr/bin/cmake --install /home/go1/Desktop/workspace/unitree_go1/build/go2_description
[0.720s] -- Install configuration: ""
[0.721s] -- Installing: /home/go1/Desktop/workspace/unitree_go1/install/go2_description/share/go2_description/config
[0.721s] -- Installing: /home/go1/Desktop/workspace/unitree_go1/install/go2_description/share/go2_description/config/_robot_control.yaml
[0.721s] -- Installing: /home/go1/Desktop/workspace/unitree_go1/install/go2_description/share/go2_description/config/_joint_names_go2_description.yaml
[0.721s] -- Installing: /home/go1/Desktop/workspace/unitree_go1/install/go2_description/share/go2_description/config/ros_control
[0.721s] -- Installing: /home/go1/Desktop/workspace/unitree_go1/install/go2_description/share/go2_description/config/ros_control/ros_control.yaml
[0.721s] -- Installing: /home/go1/Desktop/workspace/unitree_go1/install/go2_description/share/go2_description/dae
[0.721s] -- Installing: /home/go1/Desktop/workspace/unitree_go1/install/go2_description/share/go2_description/dae/calf_mirror.dae
[0.722s] -- Installing: /home/go1/Desktop/workspace/unitree_go1/install/go2_description/share/go2_description/dae/base.dae
[0.733s] -- Installing: /home/go1/Desktop/workspace/unitree_go1/install/go2_description/share/go2_description/dae/thigh_mirror.dae
[0.737s] -- Installing: /home/go1/Desktop/workspace/unitree_go1/install/go2_description/share/go2_description/dae/calf.dae
[0.738s] -- Installing: /home/go1/Desktop/workspace/unitree_go1/install/go2_description/share/go2_description/dae/foot.dae
[0.741s] -- Installing: /home/go1/Desktop/workspace/unitree_go1/install/go2_description/share/go2_description/dae/hip.dae
[0.744s] -- Installing: /home/go1/Desktop/workspace/unitree_go1/install/go2_description/share/go2_description/dae/thigh.dae
[0.748s] -- Installing: /home/go1/Desktop/workspace/unitree_go1/install/go2_description/share/go2_description/launch
[0.749s] -- Installing: /home/go1/Desktop/workspace/unitree_go1/install/go2_description/share/go2_description/launch/description.launch.py
[0.749s] -- Installing: /home/go1/Desktop/workspace/unitree_go1/install/go2_description/share/go2_description/meshes
[0.749s] -- Installing: /home/go1/Desktop/workspace/unitree_go1/install/go2_description/share/go2_description/meshes/ultraSound.dae
[0.750s] -- Installing: /home/go1/Desktop/workspace/unitree_go1/install/go2_description/share/go2_description/meshes/depthCamera.dae
[0.750s] -- Installing: /home/go1/Desktop/workspace/unitree_go1/install/go2_description/share/go2_description/meshes/trunk.dae
[0.818s] -- Installing: /home/go1/Desktop/workspace/unitree_go1/install/go2_description/share/go2_description/meshes/thigh_mirror.dae
[0.819s] -- Installing: /home/go1/Desktop/workspace/unitree_go1/install/go2_description/share/go2_description/meshes/calf.dae
[0.822s] -- Installing: /home/go1/Desktop/workspace/unitree_go1/install/go2_description/share/go2_description/meshes/hip.dae
[0.825s] -- Installing: /home/go1/Desktop/workspace/unitree_go1/install/go2_description/share/go2_description/meshes/thigh.dae
[0.826s] -- Installing: /home/go1/Desktop/workspace/unitree_go1/install/go2_description/share/go2_description/urdf
[0.827s] -- Installing: /home/go1/Desktop/workspace/unitree_go1/install/go2_description/share/go2_description/urdf/go2_description.urdf
[0.827s] -- Installing: /home/go1/Desktop/workspace/unitree_go1/install/go2_description/share/go2_description/xacro
[0.827s] -- Installing: /home/go1/Desktop/workspace/unitree_go1/install/go2_description/share/go2_description/xacro/materials.xacro
[0.827s] -- Installing: /home/go1/Desktop/workspace/unitree_go1/install/go2_description/share/go2_description/xacro/ultraSound.xacro
[0.827s] -- Installing: /home/go1/Desktop/workspace/unitree_go1/install/go2_description/share/go2_description/xacro/const.xacro
[0.827s] -- Installing: /home/go1/Desktop/workspace/unitree_go1/install/go2_description/share/go2_description/xacro/transmission.xacro
[0.827s] -- Installing: /home/go1/Desktop/workspace/unitree_go1/install/go2_description/share/go2_description/xacro/robot.xacro
[0.827s] -- Installing: /home/go1/Desktop/workspace/unitree_go1/install/go2_description/share/go2_description/xacro/leg.xacro
[0.827s] -- Installing: /home/go1/Desktop/workspace/unitree_go1/install/go2_description/share/go2_description/xacro/gazebo.xacro
[0.828s] -- Installing: /home/go1/Desktop/workspace/unitree_go1/install/go2_description/share/go2_description/xacro/depthCamera.xacro
[0.828s] -- Installing: /home/go1/Desktop/workspace/unitree_go1/install/go2_description/share/ament_index/resource_index/package_run_dependencies/go2_description
[0.828s] -- Installing: /home/go1/Desktop/workspace/unitree_go1/install/go2_description/share/ament_index/resource_index/parent_prefix_path/go2_description
[0.828s] -- Installing: /home/go1/Desktop/workspace/unitree_go1/install/go2_description/share/go2_description/environment/ament_prefix_path.sh
[0.828s] -- Installing: /home/go1/Desktop/workspace/unitree_go1/install/go2_description/share/go2_description/environment/ament_prefix_path.dsv
[0.828s] -- Installing: /home/go1/Desktop/workspace/unitree_go1/install/go2_description/share/go2_description/environment/path.sh
[0.829s] -- Installing: /home/go1/Desktop/workspace/unitree_go1/install/go2_description/share/go2_description/environment/path.dsv
[0.829s] -- Installing: /home/go1/Desktop/workspace/unitree_go1/install/go2_description/share/go2_description/local_setup.bash
[0.829s] -- Installing: /home/go1/Desktop/workspace/unitree_go1/install/go2_description/share/go2_description/local_setup.sh
[0.829s] -- Installing: /home/go1/Desktop/workspace/unitree_go1/install/go2_description/share/go2_description/local_setup.zsh
[0.829s] -- Installing: /home/go1/Desktop/workspace/unitree_go1/install/go2_description/share/go2_description/local_setup.dsv
[0.829s] -- Installing: /home/go1/Desktop/workspace/unitree_go1/install/go2_description/share/go2_description/package.dsv
[0.829s] -- Installing: /home/go1/Desktop/workspace/unitree_go1/install/go2_description/share/ament_index/resource_index/packages/go2_description
[0.830s] -- Installing: /home/go1/Desktop/workspace/unitree_go1/install/go2_description/share/go2_description/cmake/go2_descriptionConfig.cmake
[0.830s] -- Installing: /home/go1/Desktop/workspace/unitree_go1/install/go2_description/share/go2_description/cmake/go2_descriptionConfig-version.cmake
[0.830s] -- Installing: /home/go1/Desktop/workspace/unitree_go1/install/go2_description/share/go2_description/package.xml
[0.833s] Invoked command in '/home/go1/Desktop/workspace/unitree_go1/build/go2_description' returned '0': CMAKE_PREFIX_PATH=${CMAKE_PREFIX_PATH}:/opt/ros/humble /usr/bin/cmake --install /home/go1/Desktop/workspace/unitree_go1/build/go2_description
