[0.040s] Invoking command in '/home/go1/Desktop/workspace/unitree_go1/build/champ': CMAKE_PREFIX_PATH=${CMAKE_PREFIX_PATH}:/opt/ros/humble /usr/bin/cmake /home/go1/Desktop/workspace/unitree_go1/unitree-go2-ros2/champ/champ -DCMAKE_INSTALL_PREFIX=/home/go1/Desktop/workspace/unitree_go1/install/champ
[0.099s] -- The C compiler identification is GNU 11.4.0
[0.164s] -- The CXX compiler identification is GNU 11.4.0
[0.170s] -- Detecting C compiler ABI info
[0.243s] -- Detecting C compiler ABI info - done
[0.249s] -- Check for working C compiler: /usr/bin/cc - skipped
[0.249s] -- Detecting C compile features
[0.250s] -- Detecting C compile features - done
[0.252s] -- Detecting CXX compiler ABI info
[0.333s] -- Detecting CXX compiler ABI info - done
[0.342s] -- Check for working CXX compiler: /usr/bin/c++ - skipped
[0.342s] -- Detecting CXX compile features
[0.342s] -- Detecting CXX compile features - done
[0.346s] -- Found ament_cmake: 1.3.10 (/opt/ros/humble/share/ament_cmake/cmake)
[0.487s] -- Found Python3: /usr/bin/python3 (found version "3.10.12") found components: Interpreter 
[0.599s] -- Found rclcpp: 16.0.10 (/opt/ros/humble/share/rclcpp/cmake)
[0.661s] -- Found rosidl_generator_c: 3.1.5 (/opt/ros/humble/share/rosidl_generator_c/cmake)
[0.667s] -- Found rosidl_adapter: 3.1.5 (/opt/ros/humble/share/rosidl_adapter/cmake)
[0.677s] -- Found rosidl_generator_cpp: 3.1.5 (/opt/ros/humble/share/rosidl_generator_cpp/cmake)
[0.694s] -- Using all available rosidl_typesupport_c: rosidl_typesupport_fastrtps_c;rosidl_typesupport_introspection_c
[0.713s] -- Using all available rosidl_typesupport_cpp: rosidl_typesupport_fastrtps_cpp;rosidl_typesupport_introspection_cpp
[0.764s] -- Found rmw_implementation_cmake: 6.1.2 (/opt/ros/humble/share/rmw_implementation_cmake/cmake)
[0.768s] -- Found rmw_fastrtps_cpp: 6.2.7 (/opt/ros/humble/share/rmw_fastrtps_cpp/cmake)
[0.870s] -- Found OpenSSL: /usr/lib/x86_64-linux-gnu/libcrypto.so (found version "3.0.2")  
[0.899s] -- Found FastRTPS: /opt/ros/humble/include  
[0.944s] -- Using RMW implementation 'rmw_fastrtps_cpp' as default
[0.956s] -- Looking for pthread.h
[1.025s] -- Looking for pthread.h - found
[1.025s] -- Performing Test CMAKE_HAVE_LIBC_PTHREAD
[1.093s] -- Performing Test CMAKE_HAVE_LIBC_PTHREAD - Success
[1.094s] -- Found Threads: TRUE  
[1.138s] -- Found ament_lint_auto: 0.12.11 (/opt/ros/humble/share/ament_lint_auto/cmake)
[1.187s] -- Configuring done
[1.191s] -- Generating done
[1.192s] -- Build files have been written to: /home/go1/Desktop/workspace/unitree_go1/build/champ
[1.201s] Invoked command in '/home/go1/Desktop/workspace/unitree_go1/build/champ' returned '0': CMAKE_PREFIX_PATH=${CMAKE_PREFIX_PATH}:/opt/ros/humble /usr/bin/cmake /home/go1/Desktop/workspace/unitree_go1/unitree-go2-ros2/champ/champ -DCMAKE_INSTALL_PREFIX=/home/go1/Desktop/workspace/unitree_go1/install/champ
[1.202s] Invoking command in '/home/go1/Desktop/workspace/unitree_go1/build/champ': CMAKE_PREFIX_PATH=${CMAKE_PREFIX_PATH}:/opt/ros/humble /usr/bin/cmake --build /home/go1/Desktop/workspace/unitree_go1/build/champ -- -j16 -l16
[1.242s] Invoked command in '/home/go1/Desktop/workspace/unitree_go1/build/champ' returned '0': CMAKE_PREFIX_PATH=${CMAKE_PREFIX_PATH}:/opt/ros/humble /usr/bin/cmake --build /home/go1/Desktop/workspace/unitree_go1/build/champ -- -j16 -l16
[1.265s] Invoking command in '/home/go1/Desktop/workspace/unitree_go1/build/champ': CMAKE_PREFIX_PATH=${CMAKE_PREFIX_PATH}:/opt/ros/humble /usr/bin/cmake --install /home/go1/Desktop/workspace/unitree_go1/build/champ
[1.272s] -- Install configuration: ""
[1.272s] -- Installing: /home/go1/Desktop/workspace/unitree_go1/install/champ/include
[1.272s] -- Installing: /home/go1/Desktop/workspace/unitree_go1/install/champ/include/champ
[1.272s] -- Installing: /home/go1/Desktop/workspace/unitree_go1/install/champ/include/champ/README.md
[1.272s] -- Installing: /home/go1/Desktop/workspace/unitree_go1/install/champ/include/champ/leg_controller
[1.272s] -- Installing: /home/go1/Desktop/workspace/unitree_go1/install/champ/include/champ/leg_controller/leg_controller.h
[1.273s] -- Installing: /home/go1/Desktop/workspace/unitree_go1/install/champ/include/champ/leg_controller/trajectory_planner.h
[1.273s] -- Installing: /home/go1/Desktop/workspace/unitree_go1/install/champ/include/champ/leg_controller/phase_generator.h
[1.273s] -- Installing: /home/go1/Desktop/workspace/unitree_go1/install/champ/include/champ/macros
[1.273s] -- Installing: /home/go1/Desktop/workspace/unitree_go1/install/champ/include/champ/macros/macros.h
[1.273s] -- Installing: /home/go1/Desktop/workspace/unitree_go1/install/champ/include/champ/odometry
[1.273s] -- Installing: /home/go1/Desktop/workspace/unitree_go1/install/champ/include/champ/odometry/odometry.h
[1.273s] -- Installing: /home/go1/Desktop/workspace/unitree_go1/install/champ/include/champ/LICENSE
[1.273s] -- Installing: /home/go1/Desktop/workspace/unitree_go1/install/champ/include/champ/quadruped_base
[1.273s] -- Installing: /home/go1/Desktop/workspace/unitree_go1/install/champ/include/champ/quadruped_base/quadruped_components.h
[1.273s] -- Installing: /home/go1/Desktop/workspace/unitree_go1/install/champ/include/champ/quadruped_base/quadruped_joint.h
[1.273s] -- Installing: /home/go1/Desktop/workspace/unitree_go1/install/champ/include/champ/quadruped_base/quadruped_base.h
[1.273s] -- Installing: /home/go1/Desktop/workspace/unitree_go1/install/champ/include/champ/quadruped_base/quadruped_leg.h
[1.274s] -- Installing: /home/go1/Desktop/workspace/unitree_go1/install/champ/include/champ/utils
[1.274s] -- Installing: /home/go1/Desktop/workspace/unitree_go1/install/champ/include/champ/utils/urdf_loader.h
[1.274s] -- Installing: /home/go1/Desktop/workspace/unitree_go1/install/champ/include/champ/utils/xmlrpc_helpers.h
[1.274s] -- Installing: /home/go1/Desktop/workspace/unitree_go1/install/champ/include/champ/geometry
[1.274s] -- Installing: /home/go1/Desktop/workspace/unitree_go1/install/champ/include/champ/geometry/geometry.h
[1.274s] -- Installing: /home/go1/Desktop/workspace/unitree_go1/install/champ/include/champ/kinematics
[1.274s] -- Installing: /home/go1/Desktop/workspace/unitree_go1/install/champ/include/champ/kinematics/kinematics.h
[1.274s] -- Installing: /home/go1/Desktop/workspace/unitree_go1/install/champ/include/champ/bla
[1.274s] -- Installing: /home/go1/Desktop/workspace/unitree_go1/install/champ/include/champ/bla/memory_delegate.h
[1.274s] -- Installing: /home/go1/Desktop/workspace/unitree_go1/install/champ/include/champ/bla/basic_linear_algebra.h
[1.274s] -- Installing: /home/go1/Desktop/workspace/unitree_go1/install/champ/include/champ/body_controller
[1.275s] -- Installing: /home/go1/Desktop/workspace/unitree_go1/install/champ/include/champ/body_controller/body_controller.h
[1.275s] -- Installing: /home/go1/Desktop/workspace/unitree_go1/install/champ/share/ament_index/resource_index/package_run_dependencies/champ
[1.275s] -- Installing: /home/go1/Desktop/workspace/unitree_go1/install/champ/share/ament_index/resource_index/parent_prefix_path/champ
[1.275s] -- Installing: /home/go1/Desktop/workspace/unitree_go1/install/champ/share/champ/environment/ament_prefix_path.sh
[1.275s] -- Installing: /home/go1/Desktop/workspace/unitree_go1/install/champ/share/champ/environment/ament_prefix_path.dsv
[1.275s] -- Installing: /home/go1/Desktop/workspace/unitree_go1/install/champ/share/champ/environment/path.sh
[1.276s] -- Installing: /home/go1/Desktop/workspace/unitree_go1/install/champ/share/champ/environment/path.dsv
[1.276s] -- Installing: /home/go1/Desktop/workspace/unitree_go1/install/champ/share/champ/local_setup.bash
[1.276s] -- Installing: /home/go1/Desktop/workspace/unitree_go1/install/champ/share/champ/local_setup.sh
[1.276s] -- Installing: /home/go1/Desktop/workspace/unitree_go1/install/champ/share/champ/local_setup.zsh
[1.276s] -- Installing: /home/go1/Desktop/workspace/unitree_go1/install/champ/share/champ/local_setup.dsv
[1.276s] -- Installing: /home/go1/Desktop/workspace/unitree_go1/install/champ/share/champ/package.dsv
[1.276s] -- Installing: /home/go1/Desktop/workspace/unitree_go1/install/champ/share/ament_index/resource_index/packages/champ
[1.276s] -- Installing: /home/go1/Desktop/workspace/unitree_go1/install/champ/share/champ/cmake/ament_cmake_export_include_directories-extras.cmake
[1.277s] -- Installing: /home/go1/Desktop/workspace/unitree_go1/install/champ/share/champ/cmake/champConfig.cmake
[1.277s] -- Installing: /home/go1/Desktop/workspace/unitree_go1/install/champ/share/champ/cmake/champConfig-version.cmake
[1.277s] -- Installing: /home/go1/Desktop/workspace/unitree_go1/install/champ/share/champ/package.xml
[1.279s] Invoked command in '/home/go1/Desktop/workspace/unitree_go1/build/champ' returned '0': CMAKE_PREFIX_PATH=${CMAKE_PREFIX_PATH}:/opt/ros/humble /usr/bin/cmake --install /home/go1/Desktop/workspace/unitree_go1/build/champ
