[0.025s] Invoking command in '/home/go1/Desktop/workspace/unitree_go1/build/champ_navigation': CMAKE_PREFIX_PATH=${CMAKE_PREFIX_PATH}:/opt/ros/humble /usr/bin/cmake /home/go1/Desktop/workspace/unitree_go1/unitree-go2-ros2/champ/champ_navigation -DCMAKE_INSTALL_PREFIX=/home/go1/Desktop/workspace/unitree_go1/install/champ_navigation
[0.080s] -- The C compiler identification is GNU 11.4.0
[0.143s] -- The CXX compiler identification is GNU 11.4.0
[0.149s] -- Detecting C compiler ABI info
[0.220s] -- Detecting C compiler ABI info - done
[0.227s] -- Check for working C compiler: /usr/bin/cc - skipped
[0.227s] -- Detecting C compile features
[0.228s] -- Detecting C compile features - done
[0.230s] -- Detecting CXX compiler ABI info
[0.310s] -- Detecting CXX compiler ABI info - done
[0.316s] -- Check for working CXX compiler: /usr/bin/c++ - skipped
[0.316s] -- Detecting CXX compile features
[0.317s] -- Detecting CXX compile features - done
[0.321s] -- Found ament_cmake: 1.3.10 (/opt/ros/humble/share/ament_cmake/cmake)
[0.465s] -- Found Python3: /usr/bin/python3 (found version "3.10.12") found components: Interpreter 
[0.629s] -- Configuring done
[0.633s] -- Generating done
[0.634s] -- Build files have been written to: /home/go1/Desktop/workspace/unitree_go1/build/champ_navigation
[0.643s] Invoked command in '/home/go1/Desktop/workspace/unitree_go1/build/champ_navigation' returned '0': CMAKE_PREFIX_PATH=${CMAKE_PREFIX_PATH}:/opt/ros/humble /usr/bin/cmake /home/go1/Desktop/workspace/unitree_go1/unitree-go2-ros2/champ/champ_navigation -DCMAKE_INSTALL_PREFIX=/home/go1/Desktop/workspace/unitree_go1/install/champ_navigation
[0.644s] Invoking command in '/home/go1/Desktop/workspace/unitree_go1/build/champ_navigation': CMAKE_PREFIX_PATH=${CMAKE_PREFIX_PATH}:/opt/ros/humble /usr/bin/cmake --build /home/go1/Desktop/workspace/unitree_go1/build/champ_navigation -- -j16 -l16
[0.681s] Invoked command in '/home/go1/Desktop/workspace/unitree_go1/build/champ_navigation' returned '0': CMAKE_PREFIX_PATH=${CMAKE_PREFIX_PATH}:/opt/ros/humble /usr/bin/cmake --build /home/go1/Desktop/workspace/unitree_go1/build/champ_navigation -- -j16 -l16
[0.712s] Invoking command in '/home/go1/Desktop/workspace/unitree_go1/build/champ_navigation': CMAKE_PREFIX_PATH=${CMAKE_PREFIX_PATH}:/opt/ros/humble /usr/bin/cmake --install /home/go1/Desktop/workspace/unitree_go1/build/champ_navigation
[0.722s] -- Install configuration: ""
[0.722s] -- Installing: /home/go1/Desktop/workspace/unitree_go1/install/champ_navigation/share/champ_navigation/launch
[0.722s] -- Installing: /home/go1/Desktop/workspace/unitree_go1/install/champ_navigation/share/champ_navigation/launch/slam.launch.py
[0.722s] -- Installing: /home/go1/Desktop/workspace/unitree_go1/install/champ_navigation/share/champ_navigation/launch/navigate.launch.py
[0.723s] -- Installing: /home/go1/Desktop/workspace/unitree_go1/install/champ_navigation/share/champ_navigation/rviz
[0.723s] -- Installing: /home/go1/Desktop/workspace/unitree_go1/install/champ_navigation/share/champ_navigation/rviz/navigation.rviz
[0.723s] -- Installing: /home/go1/Desktop/workspace/unitree_go1/install/champ_navigation/share/champ_navigation/rviz/slam.rviz
[0.723s] -- Installing: /home/go1/Desktop/workspace/unitree_go1/install/champ_navigation/share/champ_navigation/rviz/navigation_minimal.rviz
[0.723s] -- Installing: /home/go1/Desktop/workspace/unitree_go1/install/champ_navigation/share/ament_index/resource_index/package_run_dependencies/champ_navigation
[0.723s] -- Installing: /home/go1/Desktop/workspace/unitree_go1/install/champ_navigation/share/ament_index/resource_index/parent_prefix_path/champ_navigation
[0.723s] -- Installing: /home/go1/Desktop/workspace/unitree_go1/install/champ_navigation/share/champ_navigation/environment/ament_prefix_path.sh
[0.723s] -- Installing: /home/go1/Desktop/workspace/unitree_go1/install/champ_navigation/share/champ_navigation/environment/ament_prefix_path.dsv
[0.724s] -- Installing: /home/go1/Desktop/workspace/unitree_go1/install/champ_navigation/share/champ_navigation/environment/path.sh
[0.724s] -- Installing: /home/go1/Desktop/workspace/unitree_go1/install/champ_navigation/share/champ_navigation/environment/path.dsv
[0.724s] -- Installing: /home/go1/Desktop/workspace/unitree_go1/install/champ_navigation/share/champ_navigation/local_setup.bash
[0.724s] -- Installing: /home/go1/Desktop/workspace/unitree_go1/install/champ_navigation/share/champ_navigation/local_setup.sh
[0.725s] -- Installing: /home/go1/Desktop/workspace/unitree_go1/install/champ_navigation/share/champ_navigation/local_setup.zsh
[0.725s] -- Installing: /home/go1/Desktop/workspace/unitree_go1/install/champ_navigation/share/champ_navigation/local_setup.dsv
[0.727s] -- Installing: /home/go1/Desktop/workspace/unitree_go1/install/champ_navigation/share/champ_navigation/package.dsv
[0.727s] -- Installing: /home/go1/Desktop/workspace/unitree_go1/install/champ_navigation/share/ament_index/resource_index/packages/champ_navigation
[0.727s] -- Installing: /home/go1/Desktop/workspace/unitree_go1/install/champ_navigation/share/champ_navigation/cmake/champ_navigationConfig.cmake
[0.727s] -- Installing: /home/go1/Desktop/workspace/unitree_go1/install/champ_navigation/share/champ_navigation/cmake/champ_navigationConfig-version.cmake
[0.727s] -- Installing: /home/go1/Desktop/workspace/unitree_go1/install/champ_navigation/share/champ_navigation/package.xml
[0.744s] Invoked command in '/home/go1/Desktop/workspace/unitree_go1/build/champ_navigation' returned '0': CMAKE_PREFIX_PATH=${CMAKE_PREFIX_PATH}:/opt/ros/humble /usr/bin/cmake --install /home/go1/Desktop/workspace/unitree_go1/build/champ_navigation
