[0.010s] Invoking command in '/home/go1/Desktop/workspace/unitree_go1/build/champ_gazebo': AMENT_PREFIX_PATH=/home/go1/Desktop/workspace/unitree_go1/install/champ_msgs:/home/go1/Desktop/workspace/unitree_go1/install/champ:${AMENT_PREFIX_PATH} CMAKE_PREFIX_PATH=/home/go1/Desktop/workspace/unitree_go1/install/champ_msgs:/home/go1/Desktop/workspace/unitree_go1/install/champ:/home/go1/Desktop/workspace/unitree_go1/unitree-go2-ros2/install/go2_description:/home/go1/Desktop/workspace/unitree_go1/unitree-go2-ros2/install/go2_config:/home/go1/Desktop/workspace/unitree_go1/unitree-go2-ros2/install/champ_teleop:/home/go1/Desktop/workspace/unitree_go1/unitree-go2-ros2/install/champ_navigation:/home/go1/Desktop/workspace/unitree_go1/unitree-go2-ros2/install/champ_gazebo:/home/go1/Desktop/workspace/unitree_go1/unitree-go2-ros2/install/champ_bringup:/home/go1/Desktop/workspace/unitree_go1/unitree-go2-ros2/install/champ_base:/home/go1/Desktop/workspace/unitree_go1/unitree-go2-ros2/install/champ_msgs:/home/go1/Desktop/workspace/unitree_go1/unitree-go2-ros2/install/champ_description:/home/go1/Desktop/workspace/unitree_go1/unitree-go2-ros2/install/champ_config:/home/go1/Desktop/workspace/unitree_go1/unitree-go2-ros2/install/champ:/opt/ros/humble LD_LIBRARY_PATH=/home/go1/Desktop/workspace/unitree_go1/install/champ_msgs/lib:/home/go1/Desktop/workspace/unitree_go1/unitree-go2-ros2/install/champ_base/lib:/home/go1/Desktop/workspace/unitree_go1/unitree-go2-ros2/install/champ_msgs/lib:/usr/lib/x86_64-linux-gnu/gazebo-11/plugins:/opt/ros/humble/opt/rviz_ogre_vendor/lib:/opt/ros/humble/lib/x86_64-linux-gnu:/opt/ros/humble/lib:/usr/lib/x86_64-linux-gnu/gazebo-11/plugins:/usr/lib/x86_64-linux-gnu/gazebo-11/plugins:/usr/lib/x86_64-linux-gnu/gazebo-11/plugins:/usr/lib/x86_64-linux-gnu/gazebo-11/plugins:/usr/lib/x86_64-linux-gnu/gazebo-11/plugins:/usr/lib/x86_64-linux-gnu/gazebo-11/plugins:/usr/lib/x86_64-linux-gnu/gazebo-11/plugins:/usr/lib/x86_64-linux-gnu/gazebo-11/plugins:/usr/lib/x86_64-linux-gnu/gazebo-11/plugins:/usr/lib/x86_64-linux-gnu/gazebo-11/plugins:/usr/lib/x86_64-linux-gnu/gazebo-11/plugins:/usr/lib/x86_64-linux-gnu/gazebo-11/plugins:/usr/lib/x86_64-linux-gnu/gazebo-11/plugins:/usr/lib/x86_64-linux-gnu/gazebo-11/plugins:/usr/lib/x86_64-linux-gnu/gazebo-11/plugins:/usr/lib/x86_64-linux-gnu/gazebo-11/plugins:/usr/lib/x86_64-linux-gnu/gazebo-11/plugins:/usr/lib/x86_64-linux-gnu/gazebo-11/plugins:/usr/lib/x86_64-linux-gnu/gazebo-11/plugins:/usr/lib/x86_64-linux-gnu/gazebo-11/plugins:/usr/lib/x86_64-linux-gnu/gazebo-11/plugins:/usr/lib/x86_64-linux-gnu/gazebo-11/plugins:/usr/lib/x86_64-linux-gnu/gazebo-11/plugins:/usr/lib/x86_64-linux-gnu/gazebo-11/plugins:/usr/lib/x86_64-linux-gnu/gazebo-11/plugins:/usr/lib/x86_64-linux-gnu/gazebo-11/plugins:/usr/lib/x86_64-linux-gnu/gazebo-11/plugins:/usr/lib/x86_64-linux-gnu/gazebo-11/plugins:/usr/lib/x86_64-linux-gnu/gazebo-11/plugins:/usr/lib/x86_64-linux-gnu/gazebo-11/plugins:/usr/lib/x86_64-linux-gnu/gazebo-11/plugins:/usr/lib/x86_64-linux-gnu/gazebo-11/plugins:/usr/lib/x86_64-linux-gnu/gazebo-11/plugins:/usr/lib/x86_64-linux-gnu/gazebo-11/plugins:/usr/lib/x86_64-linux-gnu/gazebo-11/plugins:/usr/lib/x86_64-linux-gnu/gazebo-11/plugins:/usr/lib/x86_64-linux-gnu/gazebo-11/plugins:/usr/lib/x86_64-linux-gnu/gazebo-11/plugins:/usr/lib/x86_64-linux-gnu/gazebo-11/plugins:/usr/lib/x86_64-linux-gnu/gazebo-11/plugins:/usr/lib/x86_64-linux-gnu/gazebo-11/plugins:/usr/lib/x86_64-linux-gnu/gazebo-11/plugins:/usr/lib/x86_64-linux-gnu/gazebo-11/plugins:/usr/lib/x86_64-linux-gnu/gazebo-11/plugins:/usr/lib/x86_64-linux-gnu/gazebo-11/plugins:/usr/lib/x86_64-linux-gnu/gazebo-11/plugins:/usr/lib/x86_64-linux-gnu/gazebo-11/plugins:/usr/lib/x86_64-linux-gnu/gazebo-11/plugins:/usr/lib/x86_64-linux-gnu/gazebo-11/plugins:/usr/lib/x86_64-linux-gnu/gazebo-11/plugins:/usr/lib/x86_64-linux-gnu/gazebo-11/plugins:/usr/lib/x86_64-linux-gnu/gazebo-11/plugins:/usr/lib/x86_64-linux-gnu/gazebo-11/plugins:/usr/lib/x86_64-linux-gnu/gazebo-11/plugins:/usr/lib/x86_64-linux-gnu/gazebo-11/plugins PYTHONPATH=/home/go1/Desktop/workspace/unitree_go1/install/champ_msgs/local/lib/python3.10/dist-packages:${PYTHONPATH} /usr/bin/cmake /home/go1/Desktop/workspace/unitree_go1/unitree-go2-ros2/champ/champ_gazebo -DCMAKE_INSTALL_PREFIX=/home/go1/Desktop/workspace/unitree_go1/install/champ_gazebo
[0.053s] -- The C compiler identification is GNU 11.4.0
[0.096s] -- The CXX compiler identification is GNU 11.4.0
[0.102s] -- Detecting C compiler ABI info
[0.163s] -- Detecting C compiler ABI info - done
[0.168s] -- Check for working C compiler: /usr/bin/cc - skipped
[0.168s] -- Detecting C compile features
[0.169s] -- Detecting C compile features - done
[0.171s] -- Detecting CXX compiler ABI info
[0.239s] -- Detecting CXX compiler ABI info - done
[0.244s] -- Check for working CXX compiler: /usr/bin/c++ - skipped
[0.244s] -- Detecting CXX compile features
[0.245s] -- Detecting CXX compile features - done
[0.248s] -- Found ament_cmake: 1.3.10 (/opt/ros/humble/share/ament_cmake/cmake)
[0.369s] -- Found Python3: /usr/bin/python3 (found version "3.10.12") found components: Interpreter 
[0.456s] -- Found rclcpp: 16.0.10 (/opt/ros/humble/share/rclcpp/cmake)
[0.503s] -- Found rosidl_generator_c: 3.1.5 (/opt/ros/humble/share/rosidl_generator_c/cmake)
[0.509s] -- Found rosidl_adapter: 3.1.5 (/opt/ros/humble/share/rosidl_adapter/cmake)
[0.518s] -- Found rosidl_generator_cpp: 3.1.5 (/opt/ros/humble/share/rosidl_generator_cpp/cmake)
[0.530s] -- Using all available rosidl_typesupport_c: rosidl_typesupport_fastrtps_c;rosidl_typesupport_introspection_c
[0.546s] -- Using all available rosidl_typesupport_cpp: rosidl_typesupport_fastrtps_cpp;rosidl_typesupport_introspection_cpp
[0.591s] -- Found rmw_implementation_cmake: 6.1.2 (/opt/ros/humble/share/rmw_implementation_cmake/cmake)
[0.595s] -- Found rmw_fastrtps_cpp: 6.2.7 (/opt/ros/humble/share/rmw_fastrtps_cpp/cmake)
[0.679s] -- Found OpenSSL: /usr/lib/x86_64-linux-gnu/libcrypto.so (found version "3.0.2")  
[0.705s] -- Found FastRTPS: /opt/ros/humble/include  
[0.746s] -- Using RMW implementation 'rmw_fastrtps_cpp' as default
[0.757s] -- Looking for pthread.h
[0.818s] -- Looking for pthread.h - found
[0.818s] -- Performing Test CMAKE_HAVE_LIBC_PTHREAD
[0.881s] -- Performing Test CMAKE_HAVE_LIBC_PTHREAD - Success
[0.881s] -- Found Threads: TRUE  
[0.925s] -- Found urdf: 2.6.1 (/opt/ros/humble/share/urdf/cmake)
[0.965s] -- Found champ: 0.1.0 (/home/go1/Desktop/workspace/unitree_go1/install/champ/share/champ/cmake)
[0.966s] -- Found champ_msgs: 0.1.0 (/home/go1/Desktop/workspace/unitree_go1/install/champ_msgs/share/champ_msgs/cmake)
[0.989s] -- Found gazebo_ros2_control: 0.4.10 (/opt/ros/humble/share/gazebo_ros2_control/cmake)
[1.138s] -- Found PkgConfig: /usr/bin/pkg-config (found version "0.29.2") 
[1.139s] -- Checking for module 'bullet>=2.82'
[1.152s] --   Found bullet, version 3.05
[1.261s] -- Found fcl: /usr/include (found suitable version "0.7.0", minimum required is "0.5.0") 
[1.313s] -- Found assimp: /usr/include (found version "5.2.0") 
[1.336s] -- Found DART: /usr/include (Required is at least version "6.6") found components: dart 
[1.368s] -- Found Boost: /usr/lib/x86_64-linux-gnu/cmake/Boost-1.74.0/BoostConfig.cmake (found suitable version "1.74.0", minimum required is "1.40.0") found components: thread system filesystem program_options regex iostreams date_time 
[1.382s] -- Found Protobuf: /usr/lib/x86_64-linux-gnu/libprotobuf.so (found version "3.12.4") 
[1.389s] -- Looking for ignition-math6 -- found version 6.15.1
[1.395s] -- Searching for dependencies of ignition-math6
[1.396s] -- Looking for OGRE...
[1.397s] -- OGRE_PREFIX_WATCH changed.
[1.402s] -- Checking for module 'OGRE'
[1.418s] --   Found OGRE, version 1.9.0
[1.454s] -- Found Ogre Ghadamon (1.9.0)
[1.461s] -- Found OGRE: optimized;/usr/lib/x86_64-linux-gnu/libOgreMain.so;debug;/usr/lib/x86_64-linux-gnu/libOgreMain.so
[1.469s] -- Looking for OGRE_Paging...
[1.474s] -- Found OGRE_Paging: optimized;/usr/lib/x86_64-linux-gnu/libOgrePaging.so;debug;/usr/lib/x86_64-linux-gnu/libOgrePaging.so
[1.474s] -- Looking for OGRE_Terrain...
[1.479s] -- Found OGRE_Terrain: optimized;/usr/lib/x86_64-linux-gnu/libOgreTerrain.so;debug;/usr/lib/x86_64-linux-gnu/libOgreTerrain.so
[1.479s] -- Looking for OGRE_Property...
[1.485s] -- Found OGRE_Property: optimized;/usr/lib/x86_64-linux-gnu/libOgreProperty.so;debug;/usr/lib/x86_64-linux-gnu/libOgreProperty.so
[1.485s] -- Looking for OGRE_RTShaderSystem...
[1.490s] -- Found OGRE_RTShaderSystem: optimized;/usr/lib/x86_64-linux-gnu/libOgreRTShaderSystem.so;debug;/usr/lib/x86_64-linux-gnu/libOgreRTShaderSystem.so
[1.490s] -- Looking for OGRE_Volume...
[1.495s] -- Found OGRE_Volume: optimized;/usr/lib/x86_64-linux-gnu/libOgreVolume.so;debug;/usr/lib/x86_64-linux-gnu/libOgreVolume.so
[1.495s] -- Looking for OGRE_Overlay...
[1.500s] -- Found OGRE_Overlay: optimized;/usr/lib/x86_64-linux-gnu/libOgreOverlay.so;debug;/usr/lib/x86_64-linux-gnu/libOgreOverlay.so
[1.622s] -- Looking for ignition-math6 -- found version 6.15.1
[1.625s] -- Looking for ignition-transport8 -- found version 8.2.1
[1.626s] -- Searching for dependencies of ignition-transport8
[1.646s] -- Found Protobuf: /usr/lib/x86_64-linux-gnu/libprotobuf.so (found suitable version "3.12.4", minimum required is "3") 
[1.658s] -- Config-file not installed for ZeroMQ -- checking for pkg-config
[1.663s] -- Checking for module 'libzmq >= 4'
[1.679s] --   Found libzmq , version 4.3.4
[1.721s] -- Found ZeroMQ: TRUE (Required is at least version "4") 
[1.728s] -- Checking for module 'uuid'
[1.742s] --   Found uuid, version 2.37.2
[1.781s] -- Found UUID: TRUE  
[1.784s] -- Looking for ignition-msgs5 -- found version 5.8.1
[1.785s] -- Searching for dependencies of ignition-msgs5
[1.806s] -- Looking for ignition-math6 -- found version 6.15.1
[1.812s] -- Checking for module 'tinyxml2'
[1.828s] --   Found tinyxml2, version 9.0.0
[1.867s] -- Looking for ignition-msgs5 -- found version 5.8.1
[1.870s] -- Looking for ignition-common3 -- found version 3.14.0
[1.871s] -- Searching for dependencies of ignition-common3
[1.871s] -- Looking for dlfcn.h - found
[1.872s] -- Looking for libdl - found
[1.873s] -- Found DL: TRUE  
[1.886s] -- Found tinyobjloader: /usr/lib/x86_64-linux-gnu/cmake/tinyobjloader/tinyobjloader-config.cmake (found version "2.0.0") 
[1.887s] -- Searching for <ignition-common3> component [graphics]
[1.890s] -- Looking for ignition-common3-graphics -- found version 3.14.0
[1.891s] -- Searching for dependencies of ignition-common3-graphics
[1.891s] -- Looking for ignition-math6 -- found version 6.15.1
[1.895s] -- Looking for ignition-fuel_tools4 -- found version 4.4.0
[1.895s] -- Searching for dependencies of ignition-fuel_tools4
[1.988s] -- Found CURL: /usr/lib/x86_64-linux-gnu/libcurl.so (found version "7.81.0")  
[1.997s] -- Checking for module 'jsoncpp'
[2.014s] --   Found jsoncpp, version 1.9.5
[2.053s] -- Found JSONCPP: TRUE  
[2.058s] -- Checking for module 'libzip'
[2.073s] --   Found libzip, version 1.7.3
[2.112s] -- Found ZIP: TRUE  
[2.112s] -- Looking for ignition-common3 -- found version 3.14.0
[2.113s] -- Looking for ignition-math6 -- found version 6.15.1
[2.113s] -- Looking for ignition-msgs5 -- found version 5.8.1
[2.117s] -- Gazebo version: 11.10
[2.118s] -- Checking for module 'tbb'
[2.136s] --   Found tbb, version 2021.5.0
[2.269s] -- Configuring done
[2.315s] -- Generating done
[2.318s] -- Build files have been written to: /home/go1/Desktop/workspace/unitree_go1/build/champ_gazebo
[2.332s] Invoked command in '/home/go1/Desktop/workspace/unitree_go1/build/champ_gazebo' returned '0': AMENT_PREFIX_PATH=/home/go1/Desktop/workspace/unitree_go1/install/champ_msgs:/home/go1/Desktop/workspace/unitree_go1/install/champ:${AMENT_PREFIX_PATH} CMAKE_PREFIX_PATH=/home/go1/Desktop/workspace/unitree_go1/install/champ_msgs:/home/go1/Desktop/workspace/unitree_go1/install/champ:/home/go1/Desktop/workspace/unitree_go1/unitree-go2-ros2/install/go2_description:/home/go1/Desktop/workspace/unitree_go1/unitree-go2-ros2/install/go2_config:/home/go1/Desktop/workspace/unitree_go1/unitree-go2-ros2/install/champ_teleop:/home/go1/Desktop/workspace/unitree_go1/unitree-go2-ros2/install/champ_navigation:/home/go1/Desktop/workspace/unitree_go1/unitree-go2-ros2/install/champ_gazebo:/home/go1/Desktop/workspace/unitree_go1/unitree-go2-ros2/install/champ_bringup:/home/go1/Desktop/workspace/unitree_go1/unitree-go2-ros2/install/champ_base:/home/go1/Desktop/workspace/unitree_go1/unitree-go2-ros2/install/champ_msgs:/home/go1/Desktop/workspace/unitree_go1/unitree-go2-ros2/install/champ_description:/home/go1/Desktop/workspace/unitree_go1/unitree-go2-ros2/install/champ_config:/home/go1/Desktop/workspace/unitree_go1/unitree-go2-ros2/install/champ:/opt/ros/humble LD_LIBRARY_PATH=/home/go1/Desktop/workspace/unitree_go1/install/champ_msgs/lib:/home/go1/Desktop/workspace/unitree_go1/unitree-go2-ros2/install/champ_base/lib:/home/go1/Desktop/workspace/unitree_go1/unitree-go2-ros2/install/champ_msgs/lib:/usr/lib/x86_64-linux-gnu/gazebo-11/plugins:/opt/ros/humble/opt/rviz_ogre_vendor/lib:/opt/ros/humble/lib/x86_64-linux-gnu:/opt/ros/humble/lib:/usr/lib/x86_64-linux-gnu/gazebo-11/plugins:/usr/lib/x86_64-linux-gnu/gazebo-11/plugins:/usr/lib/x86_64-linux-gnu/gazebo-11/plugins:/usr/lib/x86_64-linux-gnu/gazebo-11/plugins:/usr/lib/x86_64-linux-gnu/gazebo-11/plugins:/usr/lib/x86_64-linux-gnu/gazebo-11/plugins:/usr/lib/x86_64-linux-gnu/gazebo-11/plugins:/usr/lib/x86_64-linux-gnu/gazebo-11/plugins:/usr/lib/x86_64-linux-gnu/gazebo-11/plugins:/usr/lib/x86_64-linux-gnu/gazebo-11/plugins:/usr/lib/x86_64-linux-gnu/gazebo-11/plugins:/usr/lib/x86_64-linux-gnu/gazebo-11/plugins:/usr/lib/x86_64-linux-gnu/gazebo-11/plugins:/usr/lib/x86_64-linux-gnu/gazebo-11/plugins:/usr/lib/x86_64-linux-gnu/gazebo-11/plugins:/usr/lib/x86_64-linux-gnu/gazebo-11/plugins:/usr/lib/x86_64-linux-gnu/gazebo-11/plugins:/usr/lib/x86_64-linux-gnu/gazebo-11/plugins:/usr/lib/x86_64-linux-gnu/gazebo-11/plugins:/usr/lib/x86_64-linux-gnu/gazebo-11/plugins:/usr/lib/x86_64-linux-gnu/gazebo-11/plugins:/usr/lib/x86_64-linux-gnu/gazebo-11/plugins:/usr/lib/x86_64-linux-gnu/gazebo-11/plugins:/usr/lib/x86_64-linux-gnu/gazebo-11/plugins:/usr/lib/x86_64-linux-gnu/gazebo-11/plugins:/usr/lib/x86_64-linux-gnu/gazebo-11/plugins:/usr/lib/x86_64-linux-gnu/gazebo-11/plugins:/usr/lib/x86_64-linux-gnu/gazebo-11/plugins:/usr/lib/x86_64-linux-gnu/gazebo-11/plugins:/usr/lib/x86_64-linux-gnu/gazebo-11/plugins:/usr/lib/x86_64-linux-gnu/gazebo-11/plugins:/usr/lib/x86_64-linux-gnu/gazebo-11/plugins:/usr/lib/x86_64-linux-gnu/gazebo-11/plugins:/usr/lib/x86_64-linux-gnu/gazebo-11/plugins:/usr/lib/x86_64-linux-gnu/gazebo-11/plugins:/usr/lib/x86_64-linux-gnu/gazebo-11/plugins:/usr/lib/x86_64-linux-gnu/gazebo-11/plugins:/usr/lib/x86_64-linux-gnu/gazebo-11/plugins:/usr/lib/x86_64-linux-gnu/gazebo-11/plugins:/usr/lib/x86_64-linux-gnu/gazebo-11/plugins:/usr/lib/x86_64-linux-gnu/gazebo-11/plugins:/usr/lib/x86_64-linux-gnu/gazebo-11/plugins:/usr/lib/x86_64-linux-gnu/gazebo-11/plugins:/usr/lib/x86_64-linux-gnu/gazebo-11/plugins:/usr/lib/x86_64-linux-gnu/gazebo-11/plugins:/usr/lib/x86_64-linux-gnu/gazebo-11/plugins:/usr/lib/x86_64-linux-gnu/gazebo-11/plugins:/usr/lib/x86_64-linux-gnu/gazebo-11/plugins:/usr/lib/x86_64-linux-gnu/gazebo-11/plugins:/usr/lib/x86_64-linux-gnu/gazebo-11/plugins:/usr/lib/x86_64-linux-gnu/gazebo-11/plugins:/usr/lib/x86_64-linux-gnu/gazebo-11/plugins:/usr/lib/x86_64-linux-gnu/gazebo-11/plugins:/usr/lib/x86_64-linux-gnu/gazebo-11/plugins:/usr/lib/x86_64-linux-gnu/gazebo-11/plugins PYTHONPATH=/home/go1/Desktop/workspace/unitree_go1/install/champ_msgs/local/lib/python3.10/dist-packages:${PYTHONPATH} /usr/bin/cmake /home/go1/Desktop/workspace/unitree_go1/unitree-go2-ros2/champ/champ_gazebo -DCMAKE_INSTALL_PREFIX=/home/go1/Desktop/workspace/unitree_go1/install/champ_gazebo
[2.334s] Invoking command in '/home/go1/Desktop/workspace/unitree_go1/build/champ_gazebo': AMENT_PREFIX_PATH=/home/go1/Desktop/workspace/unitree_go1/install/champ_msgs:/home/go1/Desktop/workspace/unitree_go1/install/champ:${AMENT_PREFIX_PATH} CMAKE_PREFIX_PATH=/home/go1/Desktop/workspace/unitree_go1/install/champ_msgs:/home/go1/Desktop/workspace/unitree_go1/install/champ:/home/go1/Desktop/workspace/unitree_go1/unitree-go2-ros2/install/go2_description:/home/go1/Desktop/workspace/unitree_go1/unitree-go2-ros2/install/go2_config:/home/go1/Desktop/workspace/unitree_go1/unitree-go2-ros2/install/champ_teleop:/home/go1/Desktop/workspace/unitree_go1/unitree-go2-ros2/install/champ_navigation:/home/go1/Desktop/workspace/unitree_go1/unitree-go2-ros2/install/champ_gazebo:/home/go1/Desktop/workspace/unitree_go1/unitree-go2-ros2/install/champ_bringup:/home/go1/Desktop/workspace/unitree_go1/unitree-go2-ros2/install/champ_base:/home/go1/Desktop/workspace/unitree_go1/unitree-go2-ros2/install/champ_msgs:/home/go1/Desktop/workspace/unitree_go1/unitree-go2-ros2/install/champ_description:/home/go1/Desktop/workspace/unitree_go1/unitree-go2-ros2/install/champ_config:/home/go1/Desktop/workspace/unitree_go1/unitree-go2-ros2/install/champ:/opt/ros/humble LD_LIBRARY_PATH=/home/go1/Desktop/workspace/unitree_go1/install/champ_msgs/lib:/home/go1/Desktop/workspace/unitree_go1/unitree-go2-ros2/install/champ_base/lib:/home/go1/Desktop/workspace/unitree_go1/unitree-go2-ros2/install/champ_msgs/lib:/usr/lib/x86_64-linux-gnu/gazebo-11/plugins:/opt/ros/humble/opt/rviz_ogre_vendor/lib:/opt/ros/humble/lib/x86_64-linux-gnu:/opt/ros/humble/lib:/usr/lib/x86_64-linux-gnu/gazebo-11/plugins:/usr/lib/x86_64-linux-gnu/gazebo-11/plugins:/usr/lib/x86_64-linux-gnu/gazebo-11/plugins:/usr/lib/x86_64-linux-gnu/gazebo-11/plugins:/usr/lib/x86_64-linux-gnu/gazebo-11/plugins:/usr/lib/x86_64-linux-gnu/gazebo-11/plugins:/usr/lib/x86_64-linux-gnu/gazebo-11/plugins:/usr/lib/x86_64-linux-gnu/gazebo-11/plugins:/usr/lib/x86_64-linux-gnu/gazebo-11/plugins:/usr/lib/x86_64-linux-gnu/gazebo-11/plugins:/usr/lib/x86_64-linux-gnu/gazebo-11/plugins:/usr/lib/x86_64-linux-gnu/gazebo-11/plugins:/usr/lib/x86_64-linux-gnu/gazebo-11/plugins:/usr/lib/x86_64-linux-gnu/gazebo-11/plugins:/usr/lib/x86_64-linux-gnu/gazebo-11/plugins:/usr/lib/x86_64-linux-gnu/gazebo-11/plugins:/usr/lib/x86_64-linux-gnu/gazebo-11/plugins:/usr/lib/x86_64-linux-gnu/gazebo-11/plugins:/usr/lib/x86_64-linux-gnu/gazebo-11/plugins:/usr/lib/x86_64-linux-gnu/gazebo-11/plugins:/usr/lib/x86_64-linux-gnu/gazebo-11/plugins:/usr/lib/x86_64-linux-gnu/gazebo-11/plugins:/usr/lib/x86_64-linux-gnu/gazebo-11/plugins:/usr/lib/x86_64-linux-gnu/gazebo-11/plugins:/usr/lib/x86_64-linux-gnu/gazebo-11/plugins:/usr/lib/x86_64-linux-gnu/gazebo-11/plugins:/usr/lib/x86_64-linux-gnu/gazebo-11/plugins:/usr/lib/x86_64-linux-gnu/gazebo-11/plugins:/usr/lib/x86_64-linux-gnu/gazebo-11/plugins:/usr/lib/x86_64-linux-gnu/gazebo-11/plugins:/usr/lib/x86_64-linux-gnu/gazebo-11/plugins:/usr/lib/x86_64-linux-gnu/gazebo-11/plugins:/usr/lib/x86_64-linux-gnu/gazebo-11/plugins:/usr/lib/x86_64-linux-gnu/gazebo-11/plugins:/usr/lib/x86_64-linux-gnu/gazebo-11/plugins:/usr/lib/x86_64-linux-gnu/gazebo-11/plugins:/usr/lib/x86_64-linux-gnu/gazebo-11/plugins:/usr/lib/x86_64-linux-gnu/gazebo-11/plugins:/usr/lib/x86_64-linux-gnu/gazebo-11/plugins:/usr/lib/x86_64-linux-gnu/gazebo-11/plugins:/usr/lib/x86_64-linux-gnu/gazebo-11/plugins:/usr/lib/x86_64-linux-gnu/gazebo-11/plugins:/usr/lib/x86_64-linux-gnu/gazebo-11/plugins:/usr/lib/x86_64-linux-gnu/gazebo-11/plugins:/usr/lib/x86_64-linux-gnu/gazebo-11/plugins:/usr/lib/x86_64-linux-gnu/gazebo-11/plugins:/usr/lib/x86_64-linux-gnu/gazebo-11/plugins:/usr/lib/x86_64-linux-gnu/gazebo-11/plugins:/usr/lib/x86_64-linux-gnu/gazebo-11/plugins:/usr/lib/x86_64-linux-gnu/gazebo-11/plugins:/usr/lib/x86_64-linux-gnu/gazebo-11/plugins:/usr/lib/x86_64-linux-gnu/gazebo-11/plugins:/usr/lib/x86_64-linux-gnu/gazebo-11/plugins:/usr/lib/x86_64-linux-gnu/gazebo-11/plugins:/usr/lib/x86_64-linux-gnu/gazebo-11/plugins PYTHONPATH=/home/go1/Desktop/workspace/unitree_go1/install/champ_msgs/local/lib/python3.10/dist-packages:${PYTHONPATH} /usr/bin/cmake --build /home/go1/Desktop/workspace/unitree_go1/build/champ_gazebo -- -j16 -l16
[2.388s] [ 50%] [32mBuilding CXX object CMakeFiles/contact_sensor.dir/src/contact_sensor.cpp.o[0m
[15.973s] [100%] [32m[1mLinking CXX executable contact_sensor[0m
[17.119s] [100%] Built target contact_sensor
[17.131s] Invoked command in '/home/go1/Desktop/workspace/unitree_go1/build/champ_gazebo' returned '0': AMENT_PREFIX_PATH=/home/go1/Desktop/workspace/unitree_go1/install/champ_msgs:/home/go1/Desktop/workspace/unitree_go1/install/champ:${AMENT_PREFIX_PATH} CMAKE_PREFIX_PATH=/home/go1/Desktop/workspace/unitree_go1/install/champ_msgs:/home/go1/Desktop/workspace/unitree_go1/install/champ:/home/go1/Desktop/workspace/unitree_go1/unitree-go2-ros2/install/go2_description:/home/go1/Desktop/workspace/unitree_go1/unitree-go2-ros2/install/go2_config:/home/go1/Desktop/workspace/unitree_go1/unitree-go2-ros2/install/champ_teleop:/home/go1/Desktop/workspace/unitree_go1/unitree-go2-ros2/install/champ_navigation:/home/go1/Desktop/workspace/unitree_go1/unitree-go2-ros2/install/champ_gazebo:/home/go1/Desktop/workspace/unitree_go1/unitree-go2-ros2/install/champ_bringup:/home/go1/Desktop/workspace/unitree_go1/unitree-go2-ros2/install/champ_base:/home/go1/Desktop/workspace/unitree_go1/unitree-go2-ros2/install/champ_msgs:/home/go1/Desktop/workspace/unitree_go1/unitree-go2-ros2/install/champ_description:/home/go1/Desktop/workspace/unitree_go1/unitree-go2-ros2/install/champ_config:/home/go1/Desktop/workspace/unitree_go1/unitree-go2-ros2/install/champ:/opt/ros/humble LD_LIBRARY_PATH=/home/go1/Desktop/workspace/unitree_go1/install/champ_msgs/lib:/home/go1/Desktop/workspace/unitree_go1/unitree-go2-ros2/install/champ_base/lib:/home/go1/Desktop/workspace/unitree_go1/unitree-go2-ros2/install/champ_msgs/lib:/usr/lib/x86_64-linux-gnu/gazebo-11/plugins:/opt/ros/humble/opt/rviz_ogre_vendor/lib:/opt/ros/humble/lib/x86_64-linux-gnu:/opt/ros/humble/lib:/usr/lib/x86_64-linux-gnu/gazebo-11/plugins:/usr/lib/x86_64-linux-gnu/gazebo-11/plugins:/usr/lib/x86_64-linux-gnu/gazebo-11/plugins:/usr/lib/x86_64-linux-gnu/gazebo-11/plugins:/usr/lib/x86_64-linux-gnu/gazebo-11/plugins:/usr/lib/x86_64-linux-gnu/gazebo-11/plugins:/usr/lib/x86_64-linux-gnu/gazebo-11/plugins:/usr/lib/x86_64-linux-gnu/gazebo-11/plugins:/usr/lib/x86_64-linux-gnu/gazebo-11/plugins:/usr/lib/x86_64-linux-gnu/gazebo-11/plugins:/usr/lib/x86_64-linux-gnu/gazebo-11/plugins:/usr/lib/x86_64-linux-gnu/gazebo-11/plugins:/usr/lib/x86_64-linux-gnu/gazebo-11/plugins:/usr/lib/x86_64-linux-gnu/gazebo-11/plugins:/usr/lib/x86_64-linux-gnu/gazebo-11/plugins:/usr/lib/x86_64-linux-gnu/gazebo-11/plugins:/usr/lib/x86_64-linux-gnu/gazebo-11/plugins:/usr/lib/x86_64-linux-gnu/gazebo-11/plugins:/usr/lib/x86_64-linux-gnu/gazebo-11/plugins:/usr/lib/x86_64-linux-gnu/gazebo-11/plugins:/usr/lib/x86_64-linux-gnu/gazebo-11/plugins:/usr/lib/x86_64-linux-gnu/gazebo-11/plugins:/usr/lib/x86_64-linux-gnu/gazebo-11/plugins:/usr/lib/x86_64-linux-gnu/gazebo-11/plugins:/usr/lib/x86_64-linux-gnu/gazebo-11/plugins:/usr/lib/x86_64-linux-gnu/gazebo-11/plugins:/usr/lib/x86_64-linux-gnu/gazebo-11/plugins:/usr/lib/x86_64-linux-gnu/gazebo-11/plugins:/usr/lib/x86_64-linux-gnu/gazebo-11/plugins:/usr/lib/x86_64-linux-gnu/gazebo-11/plugins:/usr/lib/x86_64-linux-gnu/gazebo-11/plugins:/usr/lib/x86_64-linux-gnu/gazebo-11/plugins:/usr/lib/x86_64-linux-gnu/gazebo-11/plugins:/usr/lib/x86_64-linux-gnu/gazebo-11/plugins:/usr/lib/x86_64-linux-gnu/gazebo-11/plugins:/usr/lib/x86_64-linux-gnu/gazebo-11/plugins:/usr/lib/x86_64-linux-gnu/gazebo-11/plugins:/usr/lib/x86_64-linux-gnu/gazebo-11/plugins:/usr/lib/x86_64-linux-gnu/gazebo-11/plugins:/usr/lib/x86_64-linux-gnu/gazebo-11/plugins:/usr/lib/x86_64-linux-gnu/gazebo-11/plugins:/usr/lib/x86_64-linux-gnu/gazebo-11/plugins:/usr/lib/x86_64-linux-gnu/gazebo-11/plugins:/usr/lib/x86_64-linux-gnu/gazebo-11/plugins:/usr/lib/x86_64-linux-gnu/gazebo-11/plugins:/usr/lib/x86_64-linux-gnu/gazebo-11/plugins:/usr/lib/x86_64-linux-gnu/gazebo-11/plugins:/usr/lib/x86_64-linux-gnu/gazebo-11/plugins:/usr/lib/x86_64-linux-gnu/gazebo-11/plugins:/usr/lib/x86_64-linux-gnu/gazebo-11/plugins:/usr/lib/x86_64-linux-gnu/gazebo-11/plugins:/usr/lib/x86_64-linux-gnu/gazebo-11/plugins:/usr/lib/x86_64-linux-gnu/gazebo-11/plugins:/usr/lib/x86_64-linux-gnu/gazebo-11/plugins:/usr/lib/x86_64-linux-gnu/gazebo-11/plugins PYTHONPATH=/home/go1/Desktop/workspace/unitree_go1/install/champ_msgs/local/lib/python3.10/dist-packages:${PYTHONPATH} /usr/bin/cmake --build /home/go1/Desktop/workspace/unitree_go1/build/champ_gazebo -- -j16 -l16
[17.160s] Invoking command in '/home/go1/Desktop/workspace/unitree_go1/build/champ_gazebo': AMENT_PREFIX_PATH=/home/go1/Desktop/workspace/unitree_go1/install/champ_msgs:/home/go1/Desktop/workspace/unitree_go1/install/champ:${AMENT_PREFIX_PATH} CMAKE_PREFIX_PATH=/home/go1/Desktop/workspace/unitree_go1/install/champ_msgs:/home/go1/Desktop/workspace/unitree_go1/install/champ:/home/go1/Desktop/workspace/unitree_go1/unitree-go2-ros2/install/go2_description:/home/go1/Desktop/workspace/unitree_go1/unitree-go2-ros2/install/go2_config:/home/go1/Desktop/workspace/unitree_go1/unitree-go2-ros2/install/champ_teleop:/home/go1/Desktop/workspace/unitree_go1/unitree-go2-ros2/install/champ_navigation:/home/go1/Desktop/workspace/unitree_go1/unitree-go2-ros2/install/champ_gazebo:/home/go1/Desktop/workspace/unitree_go1/unitree-go2-ros2/install/champ_bringup:/home/go1/Desktop/workspace/unitree_go1/unitree-go2-ros2/install/champ_base:/home/go1/Desktop/workspace/unitree_go1/unitree-go2-ros2/install/champ_msgs:/home/go1/Desktop/workspace/unitree_go1/unitree-go2-ros2/install/champ_description:/home/go1/Desktop/workspace/unitree_go1/unitree-go2-ros2/install/champ_config:/home/go1/Desktop/workspace/unitree_go1/unitree-go2-ros2/install/champ:/opt/ros/humble LD_LIBRARY_PATH=/home/go1/Desktop/workspace/unitree_go1/install/champ_msgs/lib:/home/go1/Desktop/workspace/unitree_go1/unitree-go2-ros2/install/champ_base/lib:/home/go1/Desktop/workspace/unitree_go1/unitree-go2-ros2/install/champ_msgs/lib:/usr/lib/x86_64-linux-gnu/gazebo-11/plugins:/opt/ros/humble/opt/rviz_ogre_vendor/lib:/opt/ros/humble/lib/x86_64-linux-gnu:/opt/ros/humble/lib:/usr/lib/x86_64-linux-gnu/gazebo-11/plugins:/usr/lib/x86_64-linux-gnu/gazebo-11/plugins:/usr/lib/x86_64-linux-gnu/gazebo-11/plugins:/usr/lib/x86_64-linux-gnu/gazebo-11/plugins:/usr/lib/x86_64-linux-gnu/gazebo-11/plugins:/usr/lib/x86_64-linux-gnu/gazebo-11/plugins:/usr/lib/x86_64-linux-gnu/gazebo-11/plugins:/usr/lib/x86_64-linux-gnu/gazebo-11/plugins:/usr/lib/x86_64-linux-gnu/gazebo-11/plugins:/usr/lib/x86_64-linux-gnu/gazebo-11/plugins:/usr/lib/x86_64-linux-gnu/gazebo-11/plugins:/usr/lib/x86_64-linux-gnu/gazebo-11/plugins:/usr/lib/x86_64-linux-gnu/gazebo-11/plugins:/usr/lib/x86_64-linux-gnu/gazebo-11/plugins:/usr/lib/x86_64-linux-gnu/gazebo-11/plugins:/usr/lib/x86_64-linux-gnu/gazebo-11/plugins:/usr/lib/x86_64-linux-gnu/gazebo-11/plugins:/usr/lib/x86_64-linux-gnu/gazebo-11/plugins:/usr/lib/x86_64-linux-gnu/gazebo-11/plugins:/usr/lib/x86_64-linux-gnu/gazebo-11/plugins:/usr/lib/x86_64-linux-gnu/gazebo-11/plugins:/usr/lib/x86_64-linux-gnu/gazebo-11/plugins:/usr/lib/x86_64-linux-gnu/gazebo-11/plugins:/usr/lib/x86_64-linux-gnu/gazebo-11/plugins:/usr/lib/x86_64-linux-gnu/gazebo-11/plugins:/usr/lib/x86_64-linux-gnu/gazebo-11/plugins:/usr/lib/x86_64-linux-gnu/gazebo-11/plugins:/usr/lib/x86_64-linux-gnu/gazebo-11/plugins:/usr/lib/x86_64-linux-gnu/gazebo-11/plugins:/usr/lib/x86_64-linux-gnu/gazebo-11/plugins:/usr/lib/x86_64-linux-gnu/gazebo-11/plugins:/usr/lib/x86_64-linux-gnu/gazebo-11/plugins:/usr/lib/x86_64-linux-gnu/gazebo-11/plugins:/usr/lib/x86_64-linux-gnu/gazebo-11/plugins:/usr/lib/x86_64-linux-gnu/gazebo-11/plugins:/usr/lib/x86_64-linux-gnu/gazebo-11/plugins:/usr/lib/x86_64-linux-gnu/gazebo-11/plugins:/usr/lib/x86_64-linux-gnu/gazebo-11/plugins:/usr/lib/x86_64-linux-gnu/gazebo-11/plugins:/usr/lib/x86_64-linux-gnu/gazebo-11/plugins:/usr/lib/x86_64-linux-gnu/gazebo-11/plugins:/usr/lib/x86_64-linux-gnu/gazebo-11/plugins:/usr/lib/x86_64-linux-gnu/gazebo-11/plugins:/usr/lib/x86_64-linux-gnu/gazebo-11/plugins:/usr/lib/x86_64-linux-gnu/gazebo-11/plugins:/usr/lib/x86_64-linux-gnu/gazebo-11/plugins:/usr/lib/x86_64-linux-gnu/gazebo-11/plugins:/usr/lib/x86_64-linux-gnu/gazebo-11/plugins:/usr/lib/x86_64-linux-gnu/gazebo-11/plugins:/usr/lib/x86_64-linux-gnu/gazebo-11/plugins:/usr/lib/x86_64-linux-gnu/gazebo-11/plugins:/usr/lib/x86_64-linux-gnu/gazebo-11/plugins:/usr/lib/x86_64-linux-gnu/gazebo-11/plugins:/usr/lib/x86_64-linux-gnu/gazebo-11/plugins:/usr/lib/x86_64-linux-gnu/gazebo-11/plugins PYTHONPATH=/home/go1/Desktop/workspace/unitree_go1/install/champ_msgs/local/lib/python3.10/dist-packages:${PYTHONPATH} /usr/bin/cmake --install /home/go1/Desktop/workspace/unitree_go1/build/champ_gazebo
[17.167s] -- Install configuration: ""
[17.167s] -- Installing: /home/go1/Desktop/workspace/unitree_go1/install/champ_gazebo/bin/imu_sensor.py
[17.168s] -- Installing: /home/go1/Desktop/workspace/unitree_go1/install/champ_gazebo/bin/odometry_tf.py
[17.168s] -- Installing: /home/go1/Desktop/workspace/unitree_go1/install/champ_gazebo/bin/odometry.py
[17.168s] -- Installing: /home/go1/Desktop/workspace/unitree_go1/install/champ_gazebo/lib/champ_gazebo/contact_sensor
[17.170s] -- Set runtime path of "/home/go1/Desktop/workspace/unitree_go1/install/champ_gazebo/lib/champ_gazebo/contact_sensor" to ""
[17.170s] -- Installing: /home/go1/Desktop/workspace/unitree_go1/install/champ_gazebo/share/champ_gazebo/launch
[17.170s] -- Installing: /home/go1/Desktop/workspace/unitree_go1/install/champ_gazebo/share/champ_gazebo/launch/spawn_robot.launch
[17.170s] -- Installing: /home/go1/Desktop/workspace/unitree_go1/install/champ_gazebo/share/champ_gazebo/launch/spawn_world.launch
[17.170s] -- Installing: /home/go1/Desktop/workspace/unitree_go1/install/champ_gazebo/share/champ_gazebo/launch/gazebo.launch.py
[17.170s] -- Installing: /home/go1/Desktop/workspace/unitree_go1/install/champ_gazebo/share/champ_gazebo/launch/gazebo.launch
[17.170s] -- Installing: /home/go1/Desktop/workspace/unitree_go1/install/champ_gazebo/share/champ_gazebo/config
[17.171s] -- Installing: /home/go1/Desktop/workspace/unitree_go1/install/champ_gazebo/share/champ_gazebo/config/gazebo.yaml
[17.171s] -- Installing: /home/go1/Desktop/workspace/unitree_go1/install/champ_gazebo/share/champ_gazebo/config/ros_control.yaml
[17.171s] -- Installing: /home/go1/Desktop/workspace/unitree_go1/install/champ_gazebo/share/champ_gazebo/worlds
[17.171s] -- Installing: /home/go1/Desktop/workspace/unitree_go1/install/champ_gazebo/share/champ_gazebo/worlds/default.world
[17.171s] -- Installing: /home/go1/Desktop/workspace/unitree_go1/install/champ_gazebo/share/champ_gazebo/worlds/outdoor.world
[17.171s] -- Installing: /home/go1/Desktop/workspace/unitree_go1/install/champ_gazebo/share/champ_gazebo/worlds/playground.world
[17.171s] -- Installing: /home/go1/Desktop/workspace/unitree_go1/install/champ_gazebo/share/ament_index/resource_index/package_run_dependencies/champ_gazebo
[17.172s] -- Installing: /home/go1/Desktop/workspace/unitree_go1/install/champ_gazebo/share/ament_index/resource_index/parent_prefix_path/champ_gazebo
[17.172s] -- Installing: /home/go1/Desktop/workspace/unitree_go1/install/champ_gazebo/share/champ_gazebo/environment/ament_prefix_path.sh
[17.172s] -- Installing: /home/go1/Desktop/workspace/unitree_go1/install/champ_gazebo/share/champ_gazebo/environment/ament_prefix_path.dsv
[17.172s] -- Installing: /home/go1/Desktop/workspace/unitree_go1/install/champ_gazebo/share/champ_gazebo/environment/path.sh
[17.172s] -- Installing: /home/go1/Desktop/workspace/unitree_go1/install/champ_gazebo/share/champ_gazebo/environment/path.dsv
[17.172s] -- Installing: /home/go1/Desktop/workspace/unitree_go1/install/champ_gazebo/share/champ_gazebo/local_setup.bash
[17.172s] -- Installing: /home/go1/Desktop/workspace/unitree_go1/install/champ_gazebo/share/champ_gazebo/local_setup.sh
[17.172s] -- Installing: /home/go1/Desktop/workspace/unitree_go1/install/champ_gazebo/share/champ_gazebo/local_setup.zsh
[17.173s] -- Installing: /home/go1/Desktop/workspace/unitree_go1/install/champ_gazebo/share/champ_gazebo/local_setup.dsv
[17.173s] -- Installing: /home/go1/Desktop/workspace/unitree_go1/install/champ_gazebo/share/champ_gazebo/package.dsv
[17.173s] -- Installing: /home/go1/Desktop/workspace/unitree_go1/install/champ_gazebo/share/ament_index/resource_index/packages/champ_gazebo
[17.173s] -- Installing: /home/go1/Desktop/workspace/unitree_go1/install/champ_gazebo/share/champ_gazebo/cmake/ament_cmake_export_include_directories-extras.cmake
[17.173s] -- Installing: /home/go1/Desktop/workspace/unitree_go1/install/champ_gazebo/share/champ_gazebo/cmake/ament_cmake_export_dependencies-extras.cmake
[17.173s] -- Installing: /home/go1/Desktop/workspace/unitree_go1/install/champ_gazebo/share/champ_gazebo/cmake/champ_gazeboConfig.cmake
[17.173s] -- Installing: /home/go1/Desktop/workspace/unitree_go1/install/champ_gazebo/share/champ_gazebo/cmake/champ_gazeboConfig-version.cmake
[17.174s] -- Installing: /home/go1/Desktop/workspace/unitree_go1/install/champ_gazebo/share/champ_gazebo/package.xml
[17.176s] Invoked command in '/home/go1/Desktop/workspace/unitree_go1/build/champ_gazebo' returned '0': AMENT_PREFIX_PATH=/home/go1/Desktop/workspace/unitree_go1/install/champ_msgs:/home/go1/Desktop/workspace/unitree_go1/install/champ:${AMENT_PREFIX_PATH} CMAKE_PREFIX_PATH=/home/go1/Desktop/workspace/unitree_go1/install/champ_msgs:/home/go1/Desktop/workspace/unitree_go1/install/champ:/home/go1/Desktop/workspace/unitree_go1/unitree-go2-ros2/install/go2_description:/home/go1/Desktop/workspace/unitree_go1/unitree-go2-ros2/install/go2_config:/home/go1/Desktop/workspace/unitree_go1/unitree-go2-ros2/install/champ_teleop:/home/go1/Desktop/workspace/unitree_go1/unitree-go2-ros2/install/champ_navigation:/home/go1/Desktop/workspace/unitree_go1/unitree-go2-ros2/install/champ_gazebo:/home/go1/Desktop/workspace/unitree_go1/unitree-go2-ros2/install/champ_bringup:/home/go1/Desktop/workspace/unitree_go1/unitree-go2-ros2/install/champ_base:/home/go1/Desktop/workspace/unitree_go1/unitree-go2-ros2/install/champ_msgs:/home/go1/Desktop/workspace/unitree_go1/unitree-go2-ros2/install/champ_description:/home/go1/Desktop/workspace/unitree_go1/unitree-go2-ros2/install/champ_config:/home/go1/Desktop/workspace/unitree_go1/unitree-go2-ros2/install/champ:/opt/ros/humble LD_LIBRARY_PATH=/home/go1/Desktop/workspace/unitree_go1/install/champ_msgs/lib:/home/go1/Desktop/workspace/unitree_go1/unitree-go2-ros2/install/champ_base/lib:/home/go1/Desktop/workspace/unitree_go1/unitree-go2-ros2/install/champ_msgs/lib:/usr/lib/x86_64-linux-gnu/gazebo-11/plugins:/opt/ros/humble/opt/rviz_ogre_vendor/lib:/opt/ros/humble/lib/x86_64-linux-gnu:/opt/ros/humble/lib:/usr/lib/x86_64-linux-gnu/gazebo-11/plugins:/usr/lib/x86_64-linux-gnu/gazebo-11/plugins:/usr/lib/x86_64-linux-gnu/gazebo-11/plugins:/usr/lib/x86_64-linux-gnu/gazebo-11/plugins:/usr/lib/x86_64-linux-gnu/gazebo-11/plugins:/usr/lib/x86_64-linux-gnu/gazebo-11/plugins:/usr/lib/x86_64-linux-gnu/gazebo-11/plugins:/usr/lib/x86_64-linux-gnu/gazebo-11/plugins:/usr/lib/x86_64-linux-gnu/gazebo-11/plugins:/usr/lib/x86_64-linux-gnu/gazebo-11/plugins:/usr/lib/x86_64-linux-gnu/gazebo-11/plugins:/usr/lib/x86_64-linux-gnu/gazebo-11/plugins:/usr/lib/x86_64-linux-gnu/gazebo-11/plugins:/usr/lib/x86_64-linux-gnu/gazebo-11/plugins:/usr/lib/x86_64-linux-gnu/gazebo-11/plugins:/usr/lib/x86_64-linux-gnu/gazebo-11/plugins:/usr/lib/x86_64-linux-gnu/gazebo-11/plugins:/usr/lib/x86_64-linux-gnu/gazebo-11/plugins:/usr/lib/x86_64-linux-gnu/gazebo-11/plugins:/usr/lib/x86_64-linux-gnu/gazebo-11/plugins:/usr/lib/x86_64-linux-gnu/gazebo-11/plugins:/usr/lib/x86_64-linux-gnu/gazebo-11/plugins:/usr/lib/x86_64-linux-gnu/gazebo-11/plugins:/usr/lib/x86_64-linux-gnu/gazebo-11/plugins:/usr/lib/x86_64-linux-gnu/gazebo-11/plugins:/usr/lib/x86_64-linux-gnu/gazebo-11/plugins:/usr/lib/x86_64-linux-gnu/gazebo-11/plugins:/usr/lib/x86_64-linux-gnu/gazebo-11/plugins:/usr/lib/x86_64-linux-gnu/gazebo-11/plugins:/usr/lib/x86_64-linux-gnu/gazebo-11/plugins:/usr/lib/x86_64-linux-gnu/gazebo-11/plugins:/usr/lib/x86_64-linux-gnu/gazebo-11/plugins:/usr/lib/x86_64-linux-gnu/gazebo-11/plugins:/usr/lib/x86_64-linux-gnu/gazebo-11/plugins:/usr/lib/x86_64-linux-gnu/gazebo-11/plugins:/usr/lib/x86_64-linux-gnu/gazebo-11/plugins:/usr/lib/x86_64-linux-gnu/gazebo-11/plugins:/usr/lib/x86_64-linux-gnu/gazebo-11/plugins:/usr/lib/x86_64-linux-gnu/gazebo-11/plugins:/usr/lib/x86_64-linux-gnu/gazebo-11/plugins:/usr/lib/x86_64-linux-gnu/gazebo-11/plugins:/usr/lib/x86_64-linux-gnu/gazebo-11/plugins:/usr/lib/x86_64-linux-gnu/gazebo-11/plugins:/usr/lib/x86_64-linux-gnu/gazebo-11/plugins:/usr/lib/x86_64-linux-gnu/gazebo-11/plugins:/usr/lib/x86_64-linux-gnu/gazebo-11/plugins:/usr/lib/x86_64-linux-gnu/gazebo-11/plugins:/usr/lib/x86_64-linux-gnu/gazebo-11/plugins:/usr/lib/x86_64-linux-gnu/gazebo-11/plugins:/usr/lib/x86_64-linux-gnu/gazebo-11/plugins:/usr/lib/x86_64-linux-gnu/gazebo-11/plugins:/usr/lib/x86_64-linux-gnu/gazebo-11/plugins:/usr/lib/x86_64-linux-gnu/gazebo-11/plugins:/usr/lib/x86_64-linux-gnu/gazebo-11/plugins:/usr/lib/x86_64-linux-gnu/gazebo-11/plugins PYTHONPATH=/home/go1/Desktop/workspace/unitree_go1/install/champ_msgs/local/lib/python3.10/dist-packages:${PYTHONPATH} /usr/bin/cmake --install /home/go1/Desktop/workspace/unitree_go1/build/champ_gazebo
